SF:lib/app/app.dart
DA:14,9
DA:38,0
DA:39,0
DA:40,0
DA:41,0
DA:42,0
DA:43,0
DA:44,0
DA:45,0
DA:46,9
DA:92,9
DA:93,9
DA:97,1
DA:103,1
DA:113,9
DA:115,9
DA:116,18
DA:117,9
DA:120,0
DA:122,0
DA:123,0
DA:128,0
DA:130,0
DA:133,9
DA:134,18
DA:135,0
DA:136,0
DA:137,0
DA:138,18
DA:139,18
DA:140,18
DA:142,0
DA:146,9
DA:147,18
DA:148,0
DA:152,9
DA:153,9
DA:154,9
DA:155,9
DA:156,18
DA:157,9
DA:158,9
DA:159,18
DA:160,9
DA:162,9
DA:163,9
DA:164,18
DA:165,18
DA:166,18
DA:167,18
DA:168,18
DA:169,18
DA:170,18
DA:171,18
DA:174,20
DA:175,9
DA:176,18
DA:177,9
DA:178,18
DA:179,18
DA:180,18
DA:181,18
DA:182,18
DA:183,18
DA:184,18
DA:185,18
DA:192,9
DA:194,9
LF:68
LH:50
end_of_record
SF:lib/avatar/avatar.dart
DA:24,3
DA:25,3
DA:28,6
DA:32,3
DA:38,0
DA:39,0
DA:40,1
DA:50,3
DA:51,3
DA:52,3
DA:53,3
DA:54,3
DA:56,3
DA:57,6
DA:58,6
DA:65,1
DA:66,1
DA:69,1
DA:70,1
DA:71,2
DA:76,3
DA:77,3
DA:79,6
DA:80,3
DA:81,2
DA:84,3
DA:85,6
DA:86,6
DA:87,3
DA:93,3
DA:95,3
LF:31
LH:29
end_of_record
SF:lib/avatar/types.dart
DA:1,10
DA:2,10
DA:4,10
DA:6,10
DA:8,10
DA:10,10
LF:6
LH:6
end_of_record
SF:lib/bottom_nav_bar/bottom_nav_bar.dart
DA:18,0
DA:19,0
DA:21,0
DA:24,0
DA:25,0
DA:26,0
DA:28,0
DA:36,0
DA:40,0
DA:41,0
DA:42,0
DA:48,0
DA:49,0
DA:51,0
DA:52,0
DA:53,0
DA:56,0
DA:61,0
DA:62,0
DA:64,0
DA:65,0
DA:66,0
DA:68,0
DA:74,0
DA:75,0
DA:76,0
DA:77,0
DA:78,0
DA:81,0
DA:83,0
DA:89,0
DA:91,0
LF:32
LH:0
end_of_record
SF:lib/divider/divider.dart
DA:8,2
DA:9,2
DA:11,4
DA:15,2
DA:17,2
DA:19,2
DA:20,2
DA:23,2
DA:24,2
DA:29,2
DA:31,2
LF:11
LH:11
end_of_record
SF:lib/folder/folder.dart
DA:17,1
DA:18,1
DA:20,2
DA:23,1
DA:24,1
DA:27,3
DA:28,2
DA:33,1
DA:36,0
DA:42,1
DA:43,1
DA:44,1
DA:45,1
DA:46,1
DA:52,1
DA:53,1
DA:59,1
DA:60,1
DA:62,4
DA:63,4
DA:64,4
DA:65,2
DA:69,1
DA:75,1
DA:76,1
DA:78,2
DA:79,1
DA:80,2
DA:83,1
DA:89,1
DA:90,1
DA:92,2
DA:93,2
DA:94,2
DA:96,1
DA:99,1
DA:100,1
DA:101,1
DA:103,1
DA:111,1
DA:113,1
LF:41
LH:40
end_of_record
SF:lib/header/header.dart
DA:9,3
DA:14,1
DA:15,1
DA:17,2
DA:20,1
DA:21,1
DA:23,3
DA:24,2
DA:29,1
DA:33,0
DA:34,1
DA:40,1
DA:41,1
DA:42,1
DA:43,1
DA:44,1
DA:50,1
DA:51,1
DA:53,1
DA:57,1
DA:58,1
DA:60,2
DA:61,1
DA:62,2
DA:65,1
DA:67,1
DA:68,1
DA:69,1
DA:70,1
DA:71,1
DA:80,1
DA:82,1
LF:32
LH:31
end_of_record
SF:lib/icon_button/icon_button.dart
DA:10,0
DA:21,0
DA:22,0
DA:23,0
DA:24,0
DA:25,0
DA:26,0
DA:27,0
DA:28,0
DA:29,0
DA:51,0
DA:52,0
DA:55,0
DA:56,0
DA:58,0
DA:59,0
DA:61,0
DA:66,0
DA:67,0
DA:70,0
DA:71,0
DA:74,0
DA:75,0
DA:77,0
DA:79,0
DA:80,0
DA:81,0
DA:86,0
DA:87,0
DA:89,0
DA:90,0
DA:91,0
DA:94,0
DA:95,0
DA:96,0
DA:99,0
DA:106,0
DA:108,0
LF:38
LH:0
end_of_record
SF:lib/icons/icons.dart
DA:4,0
LF:1
LH:0
end_of_record
SF:lib/label/label.dart
DA:27,1
DA:28,1
DA:30,3
DA:36,1
DA:42,0
DA:43,0
DA:44,0
DA:45,0
DA:61,1
DA:62,1
DA:63,1
DA:64,2
DA:65,2
DA:66,1
DA:67,2
DA:68,2
DA:73,1
DA:74,1
LF:18
LH:14
end_of_record
SF:lib/label/types.dart
DA:1,10
DA:2,10
DA:4,10
LF:3
LH:3
end_of_record
SF:lib/list_item/list_item.dart
DA:27,0
DA:28,0
DA:30,0
DA:33,0
DA:34,0
DA:36,0
DA:37,0
DA:41,0
DA:42,0
DA:44,0
DA:45,0
DA:49,0
DA:50,0
DA:52,0
DA:53,0
DA:58,0
DA:68,0
DA:69,0
DA:70,0
DA:71,0
DA:72,0
DA:90,0
DA:91,0
DA:92,0
DA:93,0
DA:94,0
DA:100,0
DA:101,0
DA:102,0
DA:103,0
DA:107,0
DA:108,0
DA:110,0
DA:111,0
DA:112,0
DA:114,0
DA:120,0
DA:121,0
DA:122,0
DA:123,0
DA:124,0
DA:130,0
DA:131,0
DA:134,0
DA:135,0
DA:137,0
DA:138,0
DA:139,0
DA:143,0
DA:144,0
DA:146,0
DA:147,0
DA:148,0
DA:149,0
DA:151,0
DA:154,0
DA:160,0
DA:161,0
DA:163,0
DA:164,0
DA:168,0
DA:169,0
DA:171,0
DA:172,0
DA:173,0
DA:174,0
DA:176,0
DA:177,0
DA:184,0
DA:185,0
DA:187,0
DA:188,0
DA:189,0
DA:191,0
DA:193,0
DA:196,0
DA:197,0
DA:199,0
DA:201,0
DA:211,0
DA:213,0
LF:81
LH:0
end_of_record
SF:lib/material/material.dart
DA:4,8
DA:15,0
DA:16,8
DA:36,8
DA:37,15
DA:38,6
DA:39,6
DA:40,6
DA:41,6
DA:42,6
DA:43,6
DA:44,6
DA:45,6
DA:47,6
DA:50,5
DA:51,2
DA:52,2
DA:53,2
DA:54,2
DA:55,2
DA:56,2
DA:57,2
DA:58,2
DA:60,2
DA:61,2
DA:62,2
DA:66,4
DA:67,2
DA:68,2
DA:69,2
DA:70,2
DA:71,2
DA:72,2
DA:73,2
DA:74,2
DA:76,2
DA:77,2
DA:78,2
DA:82,0
DA:83,0
DA:84,0
DA:85,0
DA:86,0
DA:87,0
DA:88,0
DA:89,0
DA:91,0
DA:92,0
DA:93,0
DA:94,0
DA:95,0
DA:101,8
DA:103,8
LF:53
LH:39
end_of_record
SF:lib/page/page.dart
DA:6,9
DA:9,0
DA:10,9
DA:14,9
DA:17,9
DA:20,9
DA:23,9
DA:26,9
DA:29,9
DA:30,9
LF:10
LH:9
end_of_record
SF:lib/round_button/round_button.dart
DA:9,1
DA:14,0
DA:15,0
DA:16,0
DA:17,0
DA:31,1
DA:32,1
DA:33,1
DA:34,1
DA:37,1
DA:38,1
DA:40,1
DA:41,1
DA:44,1
DA:45,2
DA:52,1
DA:54,1
LF:17
LH:13
end_of_record
SF:lib/scaffold/scaffold.dart
DA:7,1
DA:8,1
DA:10,2
DA:14,1
DA:18,0
DA:19,1
DA:25,1
DA:26,1
DA:29,1
DA:30,1
DA:32,1
DA:33,1
DA:34,2
DA:35,1
DA:37,1
DA:41,0
DA:42,0
DA:44,0
DA:48,1
DA:49,1
DA:51,2
DA:52,1
DA:53,0
DA:56,1
DA:57,1
DA:58,1
DA:64,1
DA:66,1
LF:28
LH:23
end_of_record
SF:lib/status_indicator/status_indicator.dart
DA:8,1
DA:12,0
DA:13,0
DA:14,1
DA:20,1
DA:21,1
DA:24,1
DA:25,1
DA:26,1
DA:27,1
DA:35,1
DA:37,1
LF:12
LH:10
end_of_record
SF:lib/theme/style.dart
DA:6,6
LF:1
LH:1
end_of_record
SF:lib/theme/theme_data.dart
DA:8,2
LF:1
LH:1
end_of_record
SF:lib/theme/theme.dart
DA:6,10
DA:10,0
DA:11,0
DA:12,10
DA:18,10
DA:20,10
DA:21,10
DA:22,10
DA:26,8
DA:28,8
DA:29,8
DA:34,10
DA:38,0
DA:39,0
DA:40,10
DA:44,1
LF:16
LH:12
end_of_record
SF:lib/theme/typography.dart
DA:6,3
LF:1
LH:1
end_of_record
